<?xml version="1.0" encoding="UTF-8"?>
<!-- Generated by org.testng.reporters.JUnitXMLReporter -->
<testsuite ignored="0" hostname="Sumit" failures="1" tests="1" name="Test" time="48.998" errors="0" timestamp="2023-03-04T13:00:25 IST">
  <testcase classname="Organisation.createorganisation" name="Createorganisation" time="14.763">
    <failure type="java.lang.AssertionError" message="expected [true] but found [false]">
      <![CDATA[java.lang.AssertionError: expected [true] but found [false]
at Organisation.createorganisation.Createorganisation(createorganisation.java:59)
at java.base/java.util.ArrayList.forEach(ArrayList.java:1511)
... Removed 33 stack frames]]>
    </failure>
  </testcase> <!-- Createorganisation -->
</testsuite> <!-- Test -->
